3.0174 	EXP 	Created window1 = Window(allowGUI=False, allowStencil=False, autoLog=True, bitsMode=UNKNOWN, blendMode='avg', color=array([ 0.,  0.,  0.]), colorSpace='rgb', fullscr=UNKNOWN, gamma=None, lms=UNKNOWN, monitor=<psychopy.monitors.calibTools.Monitor instance at 0x0BD04558>, name='window1', pos=[0, 0], screen=0, size=array([1920, 1080]), stereo=False, units=u'norm', useFBO=True, viewOri=0.0, viewPos=None, viewScale=None, waitBlanking=True, winType='pyglet')
3.0174 	EXP 	window1: recordFrameIntervals = False
3.1835 	EXP 	window1: recordFrameIntervals = True
3.3685 	EXP 	window1: recordFrameIntervals = False
3.4249 	EXP 	Created intro_text = TextStim(alignHoriz='center', alignVert='center', antialias=True, autoLog=True, bold=False, color=u'white', colorSpace='named', contrast=1.0, depth=0.0, flipHoriz=False, flipVert=False, font=u'Arial', fontFiles=[], height=0.1, italic=False, name='intro_text', opacity=1.0, ori=0, pos=array([ 0.,  0.]), rgb=array([ 255.,  255.,  255.]), text=unicode(...), units=u'norm', win=Window(...), wrapWidth=1)
3.4291 	EXP 	Created what_am_i_typing = TextStim(alignHoriz='center', alignVert='center', antialias=True, autoLog=True, bold=False, color=u'white', colorSpace='named', contrast=1.0, depth=-2.0, flipHoriz=False, flipVert=False, font=u'Arial', fontFiles=[], height=0.1, italic=False, name='what_am_i_typing', opacity=1.0, ori=0, pos=array([ 0.,  0.]), rgb=array([ 255.,  255.,  255.]), text=u'default text', units=u'norm', win=Window(...), wrapWidth=1)
3.4326 	EXP 	Created end_text = TextStim(alignHoriz='center', alignVert='center', antialias=True, autoLog=True, bold=False, color=u'white', colorSpace='named', contrast=1.0, depth=0.0, flipHoriz=False, flipVert=False, font=u'Arial', fontFiles=[], height=0.1, italic=False, name='end_text', opacity=1.0, ori=0, pos=array([ 0.,  0.]), rgb=array([ 255.,  255.,  255.]), text=u'default text', units=u'norm', win=Window(...), wrapWidth=1)
3.4502 	EXP 	intro_text: autoDraw = True
7.1504 	DATA 	Keypress: return
7.1576 	EXP 	window1: recordFrameIntervals = False
7.1669 	EXP 	intro_text: autoDraw = False
7.1669 	EXP 	what_am_i_typing: autoDraw = True
7.1719 	EXP 	window1: recordFrameIntervals = False
8.2220 	DATA 	Keypress: t
8.2890 	DATA 	Keypress: h
8.3554 	DATA 	Keypress: i
8.4221 	DATA 	Keypress: s
8.5061 	DATA 	Keypress: space
8.6723 	DATA 	Keypress: i
8.7899 	DATA 	Keypress: s
8.8563 	DATA 	Keypress: space
8.9894 	DATA 	Keypress: a
9.0396 	DATA 	Keypress: space
9.2069 	DATA 	Keypress: t
9.3402 	DATA 	Keypress: e
9.5571 	DATA 	Keypress: s
9.6402 	DATA 	Keypress: t
9.7570 	DATA 	Keypress: space
9.8749 	DATA 	Keypress: 1
10.1246 	DATA 	Keypress: return
10.1336 	EXP 	what_am_i_typing: autoDraw = False
10.1336 	EXP 	end_text: text = 'Your responses = this is a test 1'
10.1336 	EXP 	end_text: autoDraw = True
10.9886 	DATA 	Keypress: return
